Using pre-set license
Built from '2020.2/release' branch; Version is '2020.2.0f1 (3721df5a8b28) revision 3613151'; Using compiler version '192528614'; Build Type 'Release'
OS: 'Windows 10  (10.0.0) 64bit' Language: 'en' Physical Memory: 16310 MB
BatchMode: 1, IsHumanControllingUs: 0, StartBugReporterOnCrash: 0, Is64bit: 1, IsPro: 0

 COMMAND LINE ARGUMENTS:
C:\Program Files\Unity\Hub\Editor\2020.2.0f1\Editor\Unity.exe
-adb2
-batchMode
-noUpm
-name
AssetImportWorker0
-projectPath
E:/Github Repos/2D-Platformer-Dev-Project
-logFile
Logs/AssetImportWorker0.log
-srvPort
63060
Successfully changed project path to: E:/Github Repos/2D-Platformer-Dev-Project
E:/Github Repos/2D-Platformer-Dev-Project
Using Asset Import Pipeline V2.
Refreshing native plugins compatible for Editor in 34.00 ms, found 1 plugins.
Preloading 0 native plugins for Editor in 0.00 ms.
Initialize engine version: 2020.2.0f1 (3721df5a8b28)
[Subsystems] Discovering subsystems at path C:/Program Files/Unity/Hub/Editor/2020.2.0f1/Editor/Data/Resources/UnitySubsystems
[Subsystems] Discovering subsystems at path E:/Github Repos/2D-Platformer-Dev-Project/Assets
GfxDevice: creating device client; threaded=0
Direct3D:
    Version:  Direct3D 11.0 [level 11.1]
    Renderer: NVIDIA GeForce GTX 1070 (ID=0x1b81)
    Vendor:   
    VRAM:     8088 MB
    Driver:   27.21.14.6140
Initialize mono
Mono path[0] = 'C:/Program Files/Unity/Hub/Editor/2020.2.0f1/Editor/Data/Managed'
Mono path[1] = 'C:/Program Files/Unity/Hub/Editor/2020.2.0f1/Editor/Data/MonoBleedingEdge/lib/mono/unityjit'
Mono config path = 'C:/Program Files/Unity/Hub/Editor/2020.2.0f1/Editor/Data/MonoBleedingEdge/etc'
Using monoOptions --debugger-agent=transport=dt_socket,embedding=1,server=y,suspend=n,address=127.0.0.1:56900
Begin MonoManager ReloadAssembly
Registering precompiled unity dll's ...
Register platform support module: C:/Program Files/Unity/Hub/Editor/2020.2.0f1/Editor/Data/PlaybackEngines/WindowsStandaloneSupport/UnityEditor.WindowsStandalone.Extensions.dll
Registered in 0.002091 seconds.
Native extension for WindowsStandalone target not found
Refreshing native plugins compatible for Editor in 33.65 ms, found 1 plugins.
Preloading 0 native plugins for Editor in 0.00 ms.
Invoked RoslynAnalysisRunner static constructor.
RoslynAnalysisRunner will not be running.
RoslynAnalysisRunner has terminated.
Mono: successfully reloaded assembly
- Completed reload, in  2.079 seconds
Platform modules already initialized, skipping
Registering precompiled user dll's ...
Registered in 0.001053 seconds.
Begin MonoManager ReloadAssembly
Native extension for WindowsStandalone target not found
Refreshing native plugins compatible for Editor in 34.60 ms, found 1 plugins.
Preloading 0 native plugins for Editor in 0.00 ms.
Invoked RoslynAnalysisRunner static constructor.
RoslynAnalysisRunner will not be running.
RoslynAnalysisRunner has terminated.
Mono: successfully reloaded assembly
- Completed reload, in  0.931 seconds
Platform modules already initialized, skipping
========================================================================
Worker process is ready to serve import requests
Launched and connected shader compiler UnityShaderCompiler.exe after 0.03 seconds
Refreshing native plugins compatible for Editor in 0.35 ms, found 1 plugins.
Preloading 0 native plugins for Editor in 0.00 ms.
Unloading 1791 Unused Serialized files (Serialized files now loaded: 0)
System memory in use before: 85.0 MB.
System memory in use after: 84.9 MB.

Unloading 24 unused Assets to reduce memory usage. Loaded Objects now: 2235.
Total: 2.061800 ms (FindLiveObjects: 0.199200 ms CreateObjectMapping: 0.044000 ms MarkObjects: 1.704400 ms  DeleteObjects: 0.112600 ms)

========================================================================
Received Import Request.
  path: Assets/Scenes/Level_2.unity
  artifactKey: Guid(85856b6df857dae45a9915e5d511dc11) Importer(815301076,1909f56bfc062723c751e8b465ee728b)
Start importing Assets/Scenes/Level_2.unity using Guid(85856b6df857dae45a9915e5d511dc11) Importer(815301076,1909f56bfc062723c751e8b465ee728b)  -> (artifact id: '47dc9f3a7dc97380e025c5207de5ad23') in 0.019381 seconds
  Import took 0.022254 seconds .

========================================================================
Received Import Request.
  Time since last request: 9.516006 seconds.
  path: Assets/Scenes/Level_1.unity
  artifactKey: Guid(92d6db0397bfc3141baef44a8fb878fd) Importer(815301076,1909f56bfc062723c751e8b465ee728b)
Start importing Assets/Scenes/Level_1.unity using Guid(92d6db0397bfc3141baef44a8fb878fd) Importer(815301076,1909f56bfc062723c751e8b465ee728b)  -> (artifact id: '267703fee5a484a61eab961153d137ee') in 0.009508 seconds
  Import took 0.012351 seconds .

========================================================================
Received Import Request.
  Time since last request: 4.253240 seconds.
  path: Assets/Scenes/Level_2.unity
  artifactKey: Guid(85856b6df857dae45a9915e5d511dc11) Importer(815301076,1909f56bfc062723c751e8b465ee728b)
Start importing Assets/Scenes/Level_2.unity using Guid(85856b6df857dae45a9915e5d511dc11) Importer(815301076,1909f56bfc062723c751e8b465ee728b)  -> (artifact id: '4d37f3c6135973d0372858226b5be179') in 0.005688 seconds
  Import took 0.008778 seconds .

========================================================================
Received Prepare
Registering precompiled user dll's ...
Registered in 0.000960 seconds.
Begin MonoManager ReloadAssembly
Native extension for WindowsStandalone target not found
Refreshing native plugins compatible for Editor in 0.65 ms, found 1 plugins.
Preloading 0 native plugins for Editor in 0.00 ms.
Invoked RoslynAnalysisRunner static constructor.
RoslynAnalysisRunner will not be running.
RoslynAnalysisRunner has terminated.
Mono: successfully reloaded assembly
- Completed reload, in  0.851 seconds
Platform modules already initialized, skipping
Refreshing native plugins compatible for Editor in 0.36 ms, found 1 plugins.
Preloading 0 native plugins for Editor in 0.00 ms.
Unloading 1786 Unused Serialized files (Serialized files now loaded: 0)
System memory in use before: 85.2 MB.
System memory in use after: 85.2 MB.

Unloading 12 unused Assets to reduce memory usage. Loaded Objects now: 2238.
Total: 2.213600 ms (FindLiveObjects: 0.197100 ms CreateObjectMapping: 0.040600 ms MarkObjects: 1.862800 ms  DeleteObjects: 0.111500 ms)

========================================================================
Received Prepare
Registering precompiled user dll's ...
Registered in 0.001095 seconds.
Begin MonoManager ReloadAssembly
Native extension for WindowsStandalone target not found
Refreshing native plugins compatible for Editor in 0.36 ms, found 1 plugins.
Preloading 0 native plugins for Editor in 0.00 ms.
Invoked RoslynAnalysisRunner static constructor.
RoslynAnalysisRunner will not be running.
RoslynAnalysisRunner has terminated.
Mono: successfully reloaded assembly
- Completed reload, in  0.846 seconds
Platform modules already initialized, skipping
Refreshing native plugins compatible for Editor in 0.36 ms, found 1 plugins.
Preloading 0 native plugins for Editor in 0.00 ms.
Unloading 1786 Unused Serialized files (Serialized files now loaded: 0)
System memory in use before: 85.4 MB.
System memory in use after: 85.4 MB.

Unloading 12 unused Assets to reduce memory usage. Loaded Objects now: 2241.
Total: 2.112600 ms (FindLiveObjects: 0.315300 ms CreateObjectMapping: 0.054900 ms MarkObjects: 1.637900 ms  DeleteObjects: 0.103700 ms)

========================================================================
Received Prepare
Registering precompiled user dll's ...
Registered in 0.001064 seconds.
Begin MonoManager ReloadAssembly
Native extension for WindowsStandalone target not found
Refreshing native plugins compatible for Editor in 0.40 ms, found 1 plugins.
Preloading 0 native plugins for Editor in 0.00 ms.
Invoked RoslynAnalysisRunner static constructor.
RoslynAnalysisRunner will not be running.
RoslynAnalysisRunner has terminated.
Mono: successfully reloaded assembly
- Completed reload, in  0.829 seconds
Platform modules already initialized, skipping
Refreshing native plugins compatible for Editor in 0.42 ms, found 1 plugins.
Preloading 0 native plugins for Editor in 0.00 ms.
Unloading 1786 Unused Serialized files (Serialized files now loaded: 0)
System memory in use before: 85.7 MB.
System memory in use after: 85.7 MB.

Unloading 12 unused Assets to reduce memory usage. Loaded Objects now: 2244.
Total: 2.035800 ms (FindLiveObjects: 0.221000 ms CreateObjectMapping: 0.041000 ms MarkObjects: 1.665400 ms  DeleteObjects: 0.107200 ms)

========================================================================
Received Prepare
Registering precompiled user dll's ...
Registered in 0.001069 seconds.
Begin MonoManager ReloadAssembly
Native extension for WindowsStandalone target not found
Refreshing native plugins compatible for Editor in 0.49 ms, found 1 plugins.
Preloading 0 native plugins for Editor in 0.00 ms.
Invoked RoslynAnalysisRunner static constructor.
RoslynAnalysisRunner will not be running.
RoslynAnalysisRunner has terminated.
Mono: successfully reloaded assembly
- Completed reload, in  0.836 seconds
Platform modules already initialized, skipping
Refreshing native plugins compatible for Editor in 0.90 ms, found 1 plugins.
Preloading 0 native plugins for Editor in 0.00 ms.
Unloading 1786 Unused Serialized files (Serialized files now loaded: 0)
System memory in use before: 85.8 MB.
System memory in use after: 85.8 MB.

Unloading 12 unused Assets to reduce memory usage. Loaded Objects now: 2247.
Total: 2.220200 ms (FindLiveObjects: 0.307700 ms CreateObjectMapping: 0.052600 ms MarkObjects: 1.746900 ms  DeleteObjects: 0.111300 ms)

========================================================================
Received Prepare
Registering precompiled user dll's ...
Registered in 0.001004 seconds.
Begin MonoManager ReloadAssembly
Native extension for WindowsStandalone target not found
Refreshing native plugins compatible for Editor in 0.37 ms, found 1 plugins.
Preloading 0 native plugins for Editor in 0.00 ms.
Invoked RoslynAnalysisRunner static constructor.
RoslynAnalysisRunner will not be running.
RoslynAnalysisRunner has terminated.
Mono: successfully reloaded assembly
- Completed reload, in  0.811 seconds
Platform modules already initialized, skipping
Refreshing native plugins compatible for Editor in 0.34 ms, found 1 plugins.
Preloading 0 native plugins for Editor in 0.00 ms.
Unloading 1786 Unused Serialized files (Serialized files now loaded: 0)
System memory in use before: 86.1 MB.
System memory in use after: 86.1 MB.

Unloading 12 unused Assets to reduce memory usage. Loaded Objects now: 2250.
Total: 2.854100 ms (FindLiveObjects: 0.408000 ms CreateObjectMapping: 0.096500 ms MarkObjects: 2.216400 ms  DeleteObjects: 0.131700 ms)

========================================================================
Received Prepare
Registering precompiled user dll's ...
Registered in 0.001010 seconds.
Begin MonoManager ReloadAssembly
Native extension for WindowsStandalone target not found
Refreshing native plugins compatible for Editor in 0.36 ms, found 1 plugins.
Preloading 0 native plugins for Editor in 0.00 ms.
Invoked RoslynAnalysisRunner static constructor.
RoslynAnalysisRunner will not be running.
RoslynAnalysisRunner has terminated.
Mono: successfully reloaded assembly
- Completed reload, in  0.836 seconds
Platform modules already initialized, skipping
Refreshing native plugins compatible for Editor in 0.36 ms, found 1 plugins.
Preloading 0 native plugins for Editor in 0.00 ms.
Unloading 1786 Unused Serialized files (Serialized files now loaded: 0)
System memory in use before: 86.3 MB.
System memory in use after: 86.3 MB.

Unloading 12 unused Assets to reduce memory usage. Loaded Objects now: 2253.
Total: 2.168900 ms (FindLiveObjects: 0.195400 ms CreateObjectMapping: 0.040400 ms MarkObjects: 1.820400 ms  DeleteObjects: 0.111100 ms)

========================================================================
Received Prepare
Registering precompiled user dll's ...
Registered in 0.001170 seconds.
Begin MonoManager ReloadAssembly
Native extension for WindowsStandalone target not found
Refreshing native plugins compatible for Editor in 0.38 ms, found 1 plugins.
Preloading 0 native plugins for Editor in 0.00 ms.
Invoked RoslynAnalysisRunner static constructor.
RoslynAnalysisRunner will not be running.
RoslynAnalysisRunner has terminated.
Mono: successfully reloaded assembly
- Completed reload, in  0.855 seconds
Platform modules already initialized, skipping
Refreshing native plugins compatible for Editor in 0.39 ms, found 1 plugins.
Preloading 0 native plugins for Editor in 0.00 ms.
Unloading 1786 Unused Serialized files (Serialized files now loaded: 0)
System memory in use before: 86.6 MB.
System memory in use after: 86.6 MB.

Unloading 12 unused Assets to reduce memory usage. Loaded Objects now: 2256.
Total: 2.475500 ms (FindLiveObjects: 0.348400 ms CreateObjectMapping: 0.094500 ms MarkObjects: 1.900700 ms  DeleteObjects: 0.130100 ms)

========================================================================
Received Prepare
Registering precompiled user dll's ...
Registered in 0.001006 seconds.
Begin MonoManager ReloadAssembly
Native extension for WindowsStandalone target not found
Refreshing native plugins compatible for Editor in 0.35 ms, found 1 plugins.
Preloading 0 native plugins for Editor in 0.00 ms.
Invoked RoslynAnalysisRunner static constructor.
RoslynAnalysisRunner will not be running.
RoslynAnalysisRunner has terminated.
Mono: successfully reloaded assembly
- Completed reload, in  0.819 seconds
Platform modules already initialized, skipping
Refreshing native plugins compatible for Editor in 0.40 ms, found 1 plugins.
Preloading 0 native plugins for Editor in 0.00 ms.
Unloading 1786 Unused Serialized files (Serialized files now loaded: 0)
System memory in use before: 86.8 MB.
System memory in use after: 86.8 MB.

Unloading 12 unused Assets to reduce memory usage. Loaded Objects now: 2259.
Total: 2.376400 ms (FindLiveObjects: 0.204400 ms CreateObjectMapping: 0.041500 ms MarkObjects: 2.002200 ms  DeleteObjects: 0.126900 ms)

========================================================================
Received Import Request.
  Time since last request: 332.697704 seconds.
  path: Assets/Scenes/Level_2.unity
  artifactKey: Guid(85856b6df857dae45a9915e5d511dc11) Importer(815301076,1909f56bfc062723c751e8b465ee728b)
Start importing Assets/Scenes/Level_2.unity using Guid(85856b6df857dae45a9915e5d511dc11) Importer(815301076,1909f56bfc062723c751e8b465ee728b)  -> (artifact id: '8f455f26208b4e0e19d3b52e7d31936a') in 0.016106 seconds
  Import took 0.018965 seconds .

========================================================================
Received Prepare
Registering precompiled user dll's ...
Registered in 0.000979 seconds.
Begin MonoManager ReloadAssembly
Native extension for WindowsStandalone target not found
Refreshing native plugins compatible for Editor in 0.35 ms, found 1 plugins.
Preloading 0 native plugins for Editor in 0.00 ms.
Invoked RoslynAnalysisRunner static constructor.
RoslynAnalysisRunner will not be running.
RoslynAnalysisRunner has terminated.
Mono: successfully reloaded assembly
- Completed reload, in  0.809 seconds
Platform modules already initialized, skipping
Refreshing native plugins compatible for Editor in 0.37 ms, found 1 plugins.
Preloading 0 native plugins for Editor in 0.00 ms.
Unloading 1786 Unused Serialized files (Serialized files now loaded: 0)
System memory in use before: 86.8 MB.
System memory in use after: 86.8 MB.

Unloading 12 unused Assets to reduce memory usage. Loaded Objects now: 2262.
Total: 2.264500 ms (FindLiveObjects: 0.276200 ms CreateObjectMapping: 0.043200 ms MarkObjects: 1.829100 ms  DeleteObjects: 0.113600 ms)

========================================================================
Received Prepare
Registering precompiled user dll's ...
Registered in 0.000984 seconds.
Begin MonoManager ReloadAssembly
Native extension for WindowsStandalone target not found
Refreshing native plugins compatible for Editor in 0.36 ms, found 1 plugins.
Preloading 0 native plugins for Editor in 0.00 ms.
Invoked RoslynAnalysisRunner static constructor.
RoslynAnalysisRunner will not be running.
RoslynAnalysisRunner has terminated.
Mono: successfully reloaded assembly
- Completed reload, in  0.910 seconds
Platform modules already initialized, skipping
Refreshing native plugins compatible for Editor in 0.37 ms, found 1 plugins.
Preloading 0 native plugins for Editor in 0.00 ms.
Unloading 1786 Unused Serialized files (Serialized files now loaded: 0)
System memory in use before: 86.3 MB.
System memory in use after: 86.3 MB.

Unloading 12 unused Assets to reduce memory usage. Loaded Objects now: 2265.
Total: 2.395700 ms (FindLiveObjects: 0.325400 ms CreateObjectMapping: 0.055300 ms MarkObjects: 1.899800 ms  DeleteObjects: 0.112800 ms)

========================================================================
Received Prepare
Registering precompiled user dll's ...
Registered in 0.001042 seconds.
Begin MonoManager ReloadAssembly
Native extension for WindowsStandalone target not found
Refreshing native plugins compatible for Editor in 0.37 ms, found 1 plugins.
Preloading 0 native plugins for Editor in 0.00 ms.
Invoked RoslynAnalysisRunner static constructor.
RoslynAnalysisRunner will not be running.
RoslynAnalysisRunner has terminated.
Mono: successfully reloaded assembly
- Completed reload, in  0.843 seconds
Platform modules already initialized, skipping
Refreshing native plugins compatible for Editor in 0.46 ms, found 1 plugins.
Preloading 0 native plugins for Editor in 0.00 ms.
Unloading 1786 Unused Serialized files (Serialized files now loaded: 0)
System memory in use before: 86.5 MB.
System memory in use after: 86.5 MB.

Unloading 12 unused Assets to reduce memory usage. Loaded Objects now: 2268.
Total: 2.412100 ms (FindLiveObjects: 0.319200 ms CreateObjectMapping: 0.042200 ms MarkObjects: 1.932800 ms  DeleteObjects: 0.116700 ms)

========================================================================
Received Prepare
Registering precompiled user dll's ...
Registered in 0.000996 seconds.
Begin MonoManager ReloadAssembly
Native extension for WindowsStandalone target not found
Refreshing native plugins compatible for Editor in 0.36 ms, found 1 plugins.
Preloading 0 native plugins for Editor in 0.00 ms.
Invoked RoslynAnalysisRunner static constructor.
RoslynAnalysisRunner will not be running.
RoslynAnalysisRunner has terminated.
Mono: successfully reloaded assembly
- Completed reload, in  0.820 seconds
Platform modules already initialized, skipping
Refreshing native plugins compatible for Editor in 0.37 ms, found 1 plugins.
Preloading 0 native plugins for Editor in 0.00 ms.
Unloading 1786 Unused Serialized files (Serialized files now loaded: 0)
System memory in use before: 86.7 MB.
System memory in use after: 86.7 MB.

Unloading 12 unused Assets to reduce memory usage. Loaded Objects now: 2271.
Total: 2.160500 ms (FindLiveObjects: 0.217100 ms CreateObjectMapping: 0.041400 ms MarkObjects: 1.789900 ms  DeleteObjects: 0.110700 ms)

========================================================================
Received Prepare
Registering precompiled user dll's ...
Registered in 0.001020 seconds.
Begin MonoManager ReloadAssembly
Native extension for WindowsStandalone target not found
Refreshing native plugins compatible for Editor in 0.62 ms, found 1 plugins.
Preloading 0 native plugins for Editor in 0.00 ms.
Invoked RoslynAnalysisRunner static constructor.
RoslynAnalysisRunner will not be running.
RoslynAnalysisRunner has terminated.
Mono: successfully reloaded assembly
- Completed reload, in  0.830 seconds
Platform modules already initialized, skipping
Refreshing native plugins compatible for Editor in 0.36 ms, found 1 plugins.
Preloading 0 native plugins for Editor in 0.00 ms.
Unloading 1786 Unused Serialized files (Serialized files now loaded: 0)
System memory in use before: 86.9 MB.
System memory in use after: 86.9 MB.

Unloading 12 unused Assets to reduce memory usage. Loaded Objects now: 2274.
Total: 2.406600 ms (FindLiveObjects: 0.313900 ms CreateObjectMapping: 0.076800 ms MarkObjects: 1.894900 ms  DeleteObjects: 0.119900 ms)

========================================================================
Received Prepare
Registering precompiled user dll's ...
Registered in 0.001343 seconds.
Begin MonoManager ReloadAssembly
Native extension for WindowsStandalone target not found
Refreshing native plugins compatible for Editor in 0.41 ms, found 1 plugins.
Preloading 0 native plugins for Editor in 0.00 ms.
Invoked RoslynAnalysisRunner static constructor.
RoslynAnalysisRunner will not be running.
RoslynAnalysisRunner has terminated.
Mono: successfully reloaded assembly
- Completed reload, in  0.929 seconds
Platform modules already initialized, skipping
Refreshing native plugins compatible for Editor in 0.37 ms, found 1 plugins.
Preloading 0 native plugins for Editor in 0.00 ms.
Unloading 1786 Unused Serialized files (Serialized files now loaded: 0)
System memory in use before: 86.2 MB.
System memory in use after: 86.2 MB.

Unloading 12 unused Assets to reduce memory usage. Loaded Objects now: 2277.
Total: 2.831600 ms (FindLiveObjects: 0.313800 ms CreateObjectMapping: 0.067400 ms MarkObjects: 2.337100 ms  DeleteObjects: 0.111900 ms)

========================================================================
Received Prepare
Registering precompiled user dll's ...
Registered in 0.000999 seconds.
Begin MonoManager ReloadAssembly
Native extension for WindowsStandalone target not found
Refreshing native plugins compatible for Editor in 0.51 ms, found 1 plugins.
Preloading 0 native plugins for Editor in 0.00 ms.
Invoked RoslynAnalysisRunner static constructor.
RoslynAnalysisRunner will not be running.
RoslynAnalysisRunner has terminated.
Mono: successfully reloaded assembly
- Completed reload, in  0.841 seconds
Platform modules already initialized, skipping
Refreshing native plugins compatible for Editor in 0.37 ms, found 1 plugins.
Preloading 0 native plugins for Editor in 0.00 ms.
Unloading 1786 Unused Serialized files (Serialized files now loaded: 0)
System memory in use before: 86.4 MB.
System memory in use after: 86.4 MB.

Unloading 12 unused Assets to reduce memory usage. Loaded Objects now: 2280.
Total: 2.166500 ms (FindLiveObjects: 0.206400 ms CreateObjectMapping: 0.040900 ms MarkObjects: 1.804900 ms  DeleteObjects: 0.113400 ms)

========================================================================
Received Prepare
Registering precompiled user dll's ...
Registered in 0.001004 seconds.
Begin MonoManager ReloadAssembly
Native extension for WindowsStandalone target not found
Refreshing native plugins compatible for Editor in 0.38 ms, found 1 plugins.
Preloading 0 native plugins for Editor in 0.00 ms.
Invoked RoslynAnalysisRunner static constructor.
RoslynAnalysisRunner will not be running.
RoslynAnalysisRunner has terminated.
Mono: successfully reloaded assembly
- Completed reload, in  0.853 seconds
Platform modules already initialized, skipping
Refreshing native plugins compatible for Editor in 0.36 ms, found 1 plugins.
Preloading 0 native plugins for Editor in 0.00 ms.
Unloading 1786 Unused Serialized files (Serialized files now loaded: 0)
System memory in use before: 86.6 MB.
System memory in use after: 86.6 MB.

Unloading 12 unused Assets to reduce memory usage. Loaded Objects now: 2283.
Total: 2.393700 ms (FindLiveObjects: 0.267200 ms CreateObjectMapping: 0.055800 ms MarkObjects: 1.949700 ms  DeleteObjects: 0.119900 ms)

========================================================================
Received Prepare
Registering precompiled user dll's ...
Registered in 0.001020 seconds.
Begin MonoManager ReloadAssembly
Native extension for WindowsStandalone target not found
Refreshing native plugins compatible for Editor in 0.36 ms, found 1 plugins.
Preloading 0 native plugins for Editor in 0.00 ms.
Invoked RoslynAnalysisRunner static constructor.
RoslynAnalysisRunner will not be running.
RoslynAnalysisRunner has terminated.
Mono: successfully reloaded assembly
- Completed reload, in  0.842 seconds
Platform modules already initialized, skipping
Refreshing native plugins compatible for Editor in 0.40 ms, found 1 plugins.
Preloading 0 native plugins for Editor in 0.00 ms.
Unloading 1786 Unused Serialized files (Serialized files now loaded: 0)
System memory in use before: 86.8 MB.
System memory in use after: 86.8 MB.

Unloading 12 unused Assets to reduce memory usage. Loaded Objects now: 2286.
Total: 2.040400 ms (FindLiveObjects: 0.221500 ms CreateObjectMapping: 0.041700 ms MarkObjects: 1.665200 ms  DeleteObjects: 0.111100 ms)

========================================================================
Received Prepare
Registering precompiled user dll's ...
Registered in 0.001015 seconds.
Begin MonoManager ReloadAssembly
Native extension for WindowsStandalone target not found
Refreshing native plugins compatible for Editor in 0.48 ms, found 1 plugins.
Preloading 0 native plugins for Editor in 0.00 ms.
Invoked RoslynAnalysisRunner static constructor.
RoslynAnalysisRunner will not be running.
RoslynAnalysisRunner has terminated.
Mono: successfully reloaded assembly
- Completed reload, in  0.828 seconds
Platform modules already initialized, skipping
Refreshing native plugins compatible for Editor in 0.40 ms, found 1 plugins.
Preloading 0 native plugins for Editor in 0.00 ms.
Unloading 1786 Unused Serialized files (Serialized files now loaded: 0)
System memory in use before: 86.9 MB.
System memory in use after: 86.9 MB.

Unloading 12 unused Assets to reduce memory usage. Loaded Objects now: 2289.
Total: 2.499900 ms (FindLiveObjects: 0.285200 ms CreateObjectMapping: 0.052300 ms MarkObjects: 2.028500 ms  DeleteObjects: 0.132400 ms)

========================================================================
Received Prepare
Registering precompiled user dll's ...
Registered in 0.000989 seconds.
Begin MonoManager ReloadAssembly
Native extension for WindowsStandalone target not found
Refreshing native plugins compatible for Editor in 0.38 ms, found 1 plugins.
Preloading 0 native plugins for Editor in 0.00 ms.
Invoked RoslynAnalysisRunner static constructor.
RoslynAnalysisRunner will not be running.
RoslynAnalysisRunner has terminated.
Mono: successfully reloaded assembly
- Completed reload, in  0.840 seconds
Platform modules already initialized, skipping
Refreshing native plugins compatible for Editor in 0.35 ms, found 1 plugins.
Preloading 0 native plugins for Editor in 0.00 ms.
Unloading 1786 Unused Serialized files (Serialized files now loaded: 0)
System memory in use before: 86.3 MB.
System memory in use after: 86.3 MB.

Unloading 12 unused Assets to reduce memory usage. Loaded Objects now: 2292.
Total: 2.463700 ms (FindLiveObjects: 0.280600 ms CreateObjectMapping: 0.055600 ms MarkObjects: 2.003300 ms  DeleteObjects: 0.123200 ms)

========================================================================
Received Prepare
Registering precompiled user dll's ...
Registered in 0.000984 seconds.
Begin MonoManager ReloadAssembly
Native extension for WindowsStandalone target not found
Refreshing native plugins compatible for Editor in 0.37 ms, found 1 plugins.
Preloading 0 native plugins for Editor in 0.00 ms.
Invoked RoslynAnalysisRunner static constructor.
RoslynAnalysisRunner will not be running.
RoslynAnalysisRunner has terminated.
Mono: successfully reloaded assembly
- Completed reload, in  0.847 seconds
Platform modules already initialized, skipping
Refreshing native plugins compatible for Editor in 0.36 ms, found 1 plugins.
Preloading 0 native plugins for Editor in 0.00 ms.
Unloading 1786 Unused Serialized files (Serialized files now loaded: 0)
System memory in use before: 86.5 MB.
System memory in use after: 86.5 MB.

Unloading 12 unused Assets to reduce memory usage. Loaded Objects now: 2295.
Total: 2.370800 ms (FindLiveObjects: 0.230300 ms CreateObjectMapping: 0.042400 ms MarkObjects: 1.975200 ms  DeleteObjects: 0.121000 ms)

========================================================================
Received Prepare
Registering precompiled user dll's ...
Registered in 0.000983 seconds.
Begin MonoManager ReloadAssembly
Native extension for WindowsStandalone target not found
Refreshing native plugins compatible for Editor in 0.38 ms, found 1 plugins.
Preloading 0 native plugins for Editor in 0.00 ms.
Invoked RoslynAnalysisRunner static constructor.
RoslynAnalysisRunner will not be running.
RoslynAnalysisRunner has terminated.
Mono: successfully reloaded assembly
- Completed reload, in  0.837 seconds
Platform modules already initialized, skipping
Refreshing native plugins compatible for Editor in 0.36 ms, found 1 plugins.
Preloading 0 native plugins for Editor in 0.00 ms.
Unloading 1786 Unused Serialized files (Serialized files now loaded: 0)
System memory in use before: 86.7 MB.
System memory in use after: 86.7 MB.

Unloading 12 unused Assets to reduce memory usage. Loaded Objects now: 2298.
Total: 1.980200 ms (FindLiveObjects: 0.204000 ms CreateObjectMapping: 0.041100 ms MarkObjects: 1.625300 ms  DeleteObjects: 0.108300 ms)

========================================================================
Received Prepare
Registering precompiled user dll's ...
Registered in 0.001053 seconds.
Begin MonoManager ReloadAssembly
Native extension for WindowsStandalone target not found
Refreshing native plugins compatible for Editor in 0.48 ms, found 1 plugins.
Preloading 0 native plugins for Editor in 0.00 ms.
Invoked RoslynAnalysisRunner static constructor.
RoslynAnalysisRunner will not be running.
RoslynAnalysisRunner has terminated.
Mono: successfully reloaded assembly
- Completed reload, in  0.921 seconds
Platform modules already initialized, skipping
Refreshing native plugins compatible for Editor in 0.38 ms, found 1 plugins.
Preloading 0 native plugins for Editor in 0.00 ms.
Unloading 1786 Unused Serialized files (Serialized files now loaded: 0)
System memory in use before: 86.9 MB.
System memory in use after: 86.9 MB.

Unloading 12 unused Assets to reduce memory usage. Loaded Objects now: 2301.
Total: 2.706700 ms (FindLiveObjects: 0.259600 ms CreateObjectMapping: 0.044200 ms MarkObjects: 2.257300 ms  DeleteObjects: 0.143700 ms)

========================================================================
Received Prepare
Registering precompiled user dll's ...
Registered in 0.001110 seconds.
Begin MonoManager ReloadAssembly
Native extension for WindowsStandalone target not found
Refreshing native plugins compatible for Editor in 0.35 ms, found 1 plugins.
Preloading 0 native plugins for Editor in 0.00 ms.
Invoked RoslynAnalysisRunner static constructor.
RoslynAnalysisRunner will not be running.
RoslynAnalysisRunner has terminated.
Mono: successfully reloaded assembly
- Completed reload, in  0.841 seconds
Platform modules already initialized, skipping
Refreshing native plugins compatible for Editor in 0.35 ms, found 1 plugins.
Preloading 0 native plugins for Editor in 0.00 ms.
Unloading 1786 Unused Serialized files (Serialized files now loaded: 0)
System memory in use before: 86.2 MB.
System memory in use after: 86.2 MB.

Unloading 12 unused Assets to reduce memory usage. Loaded Objects now: 2304.
Total: 2.144800 ms (FindLiveObjects: 0.288100 ms CreateObjectMapping: 0.053700 ms MarkObjects: 1.688300 ms  DeleteObjects: 0.113400 ms)

========================================================================
Received Import Request.
  Time since last request: 1305.266336 seconds.
  path: Assets/Scripts/PlayerController.cs
  artifactKey: Guid(a3f52ef41bdc0984280f8d8d3822e788) Importer(815301076,1909f56bfc062723c751e8b465ee728b)
Start importing Assets/Scripts/PlayerController.cs using Guid(a3f52ef41bdc0984280f8d8d3822e788) Importer(815301076,1909f56bfc062723c751e8b465ee728b)  -> (artifact id: '3f5d97e36be0b99ed8a85c84a134c505') in 0.030795 seconds
  Import took 0.033812 seconds .

========================================================================
Received Prepare
Registering precompiled user dll's ...
Registered in 0.001089 seconds.
Begin MonoManager ReloadAssembly
Native extension for WindowsStandalone target not found
Refreshing native plugins compatible for Editor in 0.37 ms, found 1 plugins.
Preloading 0 native plugins for Editor in 0.00 ms.
Invoked RoslynAnalysisRunner static constructor.
RoslynAnalysisRunner will not be running.
RoslynAnalysisRunner has terminated.
Mono: successfully reloaded assembly
- Completed reload, in  0.831 seconds
Platform modules already initialized, skipping
Refreshing native plugins compatible for Editor in 0.37 ms, found 1 plugins.
Preloading 0 native plugins for Editor in 0.00 ms.
Unloading 1786 Unused Serialized files (Serialized files now loaded: 0)
System memory in use before: 86.4 MB.
System memory in use after: 86.4 MB.

Unloading 12 unused Assets to reduce memory usage. Loaded Objects now: 2307.
Total: 2.084900 ms (FindLiveObjects: 0.206800 ms CreateObjectMapping: 0.040100 ms MarkObjects: 1.724200 ms  DeleteObjects: 0.112500 ms)

========================================================================
Received Prepare
Registering precompiled user dll's ...
Registered in 0.001512 seconds.
Begin MonoManager ReloadAssembly
Native extension for WindowsStandalone target not found
Refreshing native plugins compatible for Editor in 0.35 ms, found 1 plugins.
Preloading 0 native plugins for Editor in 0.00 ms.
Invoked RoslynAnalysisRunner static constructor.
RoslynAnalysisRunner will not be running.
RoslynAnalysisRunner has terminated.
Mono: successfully reloaded assembly
- Completed reload, in  0.857 seconds
Platform modules already initialized, skipping
Refreshing native plugins compatible for Editor in 0.38 ms, found 1 plugins.
Preloading 0 native plugins for Editor in 0.00 ms.
Unloading 1786 Unused Serialized files (Serialized files now loaded: 0)
System memory in use before: 86.7 MB.
System memory in use after: 86.7 MB.

Unloading 12 unused Assets to reduce memory usage. Loaded Objects now: 2310.
Total: 2.113100 ms (FindLiveObjects: 0.210000 ms CreateObjectMapping: 0.042800 ms MarkObjects: 1.738600 ms  DeleteObjects: 0.120900 ms)

========================================================================
Received Prepare
Registering precompiled user dll's ...
Registered in 0.000968 seconds.
Begin MonoManager ReloadAssembly
Native extension for WindowsStandalone target not found
Refreshing native plugins compatible for Editor in 0.42 ms, found 1 plugins.
Preloading 0 native plugins for Editor in 0.00 ms.
Invoked RoslynAnalysisRunner static constructor.
RoslynAnalysisRunner will not be running.
RoslynAnalysisRunner has terminated.
Mono: successfully reloaded assembly
- Completed reload, in  0.813 seconds
Platform modules already initialized, skipping
Refreshing native plugins compatible for Editor in 0.35 ms, found 1 plugins.
Preloading 0 native plugins for Editor in 0.00 ms.
Unloading 1786 Unused Serialized files (Serialized files now loaded: 0)
System memory in use before: 86.9 MB.
System memory in use after: 86.9 MB.

Unloading 12 unused Assets to reduce memory usage. Loaded Objects now: 2313.
Total: 2.032000 ms (FindLiveObjects: 0.219100 ms CreateObjectMapping: 0.042200 ms MarkObjects: 1.661400 ms  DeleteObjects: 0.108200 ms)

========================================================================
Received Prepare
Registering precompiled user dll's ...
Registered in 0.000962 seconds.
Begin MonoManager ReloadAssembly
Native extension for WindowsStandalone target not found
Refreshing native plugins compatible for Editor in 0.35 ms, found 1 plugins.
Preloading 0 native plugins for Editor in 0.00 ms.
Invoked RoslynAnalysisRunner static constructor.
RoslynAnalysisRunner will not be running.
RoslynAnalysisRunner has terminated.
Mono: successfully reloaded assembly
- Completed reload, in  0.821 seconds
Platform modules already initialized, skipping
Refreshing native plugins compatible for Editor in 0.36 ms, found 1 plugins.
Preloading 0 native plugins for Editor in 0.00 ms.
Unloading 1786 Unused Serialized files (Serialized files now loaded: 0)
System memory in use before: 87.0 MB.
System memory in use after: 87.0 MB.

Unloading 12 unused Assets to reduce memory usage. Loaded Objects now: 2316.
Total: 2.027700 ms (FindLiveObjects: 0.207000 ms CreateObjectMapping: 0.040800 ms MarkObjects: 1.670700 ms  DeleteObjects: 0.108100 ms)

========================================================================
Received Import Request.
  Time since last request: 486.531624 seconds.
  path: Assets/Scenes/Level_2.unity
  artifactKey: Guid(85856b6df857dae45a9915e5d511dc11) Importer(815301076,1909f56bfc062723c751e8b465ee728b)
Start importing Assets/Scenes/Level_2.unity using Guid(85856b6df857dae45a9915e5d511dc11) Importer(815301076,1909f56bfc062723c751e8b465ee728b)  -> (artifact id: '5fdb09d6213d388c8e16ac0a67b97d2d') in 0.013838 seconds
  Import took 0.016773 seconds .

========================================================================
Received Prepare
Registering precompiled user dll's ...
Registered in 0.000996 seconds.
Begin MonoManager ReloadAssembly
Native extension for WindowsStandalone target not found
Refreshing native plugins compatible for Editor in 0.41 ms, found 1 plugins.
Preloading 0 native plugins for Editor in 0.00 ms.
Invoked RoslynAnalysisRunner static constructor.
RoslynAnalysisRunner will not be running.
RoslynAnalysisRunner has terminated.
Mono: successfully reloaded assembly
- Completed reload, in  0.834 seconds
Platform modules already initialized, skipping
Refreshing native plugins compatible for Editor in 0.37 ms, found 1 plugins.
Preloading 0 native plugins for Editor in 0.00 ms.
Unloading 1786 Unused Serialized files (Serialized files now loaded: 0)
System memory in use before: 86.4 MB.
System memory in use after: 86.3 MB.

Unloading 12 unused Assets to reduce memory usage. Loaded Objects now: 2319.
Total: 2.160700 ms (FindLiveObjects: 0.203700 ms CreateObjectMapping: 0.040600 ms MarkObjects: 1.772000 ms  DeleteObjects: 0.142700 ms)

========================================================================
Received Prepare
Registering precompiled user dll's ...
Registered in 0.001222 seconds.
Begin MonoManager ReloadAssembly
Native extension for WindowsStandalone target not found
Refreshing native plugins compatible for Editor in 0.39 ms, found 1 plugins.
Preloading 0 native plugins for Editor in 0.00 ms.
Invoked RoslynAnalysisRunner static constructor.
RoslynAnalysisRunner will not be running.
RoslynAnalysisRunner has terminated.
Mono: successfully reloaded assembly
- Completed reload, in  0.818 seconds
Platform modules already initialized, skipping
Refreshing native plugins compatible for Editor in 0.35 ms, found 1 plugins.
Preloading 0 native plugins for Editor in 0.00 ms.
Unloading 1786 Unused Serialized files (Serialized files now loaded: 0)
System memory in use before: 86.6 MB.
System memory in use after: 86.6 MB.

Unloading 12 unused Assets to reduce memory usage. Loaded Objects now: 2322.
Total: 2.070600 ms (FindLiveObjects: 0.229300 ms CreateObjectMapping: 0.041300 ms MarkObjects: 1.693300 ms  DeleteObjects: 0.105700 ms)

========================================================================
Received Prepare
Registering precompiled user dll's ...
Registered in 0.001276 seconds.
Begin MonoManager ReloadAssembly
Native extension for WindowsStandalone target not found
Refreshing native plugins compatible for Editor in 0.37 ms, found 1 plugins.
Preloading 0 native plugins for Editor in 0.00 ms.
Invoked RoslynAnalysisRunner static constructor.
RoslynAnalysisRunner will not be running.
RoslynAnalysisRunner has terminated.
Mono: successfully reloaded assembly
- Completed reload, in  0.931 seconds
Platform modules already initialized, skipping
Refreshing native plugins compatible for Editor in 0.38 ms, found 1 plugins.
Preloading 0 native plugins for Editor in 0.00 ms.
Unloading 1786 Unused Serialized files (Serialized files now loaded: 0)
System memory in use before: 86.8 MB.
System memory in use after: 86.8 MB.

Unloading 12 unused Assets to reduce memory usage. Loaded Objects now: 2325.
Total: 2.197300 ms (FindLiveObjects: 0.344600 ms CreateObjectMapping: 0.058800 ms MarkObjects: 1.681600 ms  DeleteObjects: 0.110800 ms)

========================================================================
Received Prepare
Registering precompiled user dll's ...
Registered in 0.001023 seconds.
Begin MonoManager ReloadAssembly
Native extension for WindowsStandalone target not found
Refreshing native plugins compatible for Editor in 0.35 ms, found 1 plugins.
Preloading 0 native plugins for Editor in 0.00 ms.
Invoked RoslynAnalysisRunner static constructor.
RoslynAnalysisRunner will not be running.
RoslynAnalysisRunner has terminated.
Mono: successfully reloaded assembly
- Completed reload, in  0.807 seconds
Platform modules already initialized, skipping
Refreshing native plugins compatible for Editor in 0.36 ms, found 1 plugins.
Preloading 0 native plugins for Editor in 0.00 ms.
Unloading 1786 Unused Serialized files (Serialized files now loaded: 0)
System memory in use before: 87.0 MB.
System memory in use after: 87.0 MB.

Unloading 12 unused Assets to reduce memory usage. Loaded Objects now: 2328.
Total: 2.197800 ms (FindLiveObjects: 0.222400 ms CreateObjectMapping: 0.044200 ms MarkObjects: 1.817500 ms  DeleteObjects: 0.112500 ms)

========================================================================
Received Prepare
Registering precompiled user dll's ...
Registered in 0.001019 seconds.
Begin MonoManager ReloadAssembly
Native extension for WindowsStandalone target not found
Refreshing native plugins compatible for Editor in 0.47 ms, found 1 plugins.
Preloading 0 native plugins for Editor in 0.00 ms.
Invoked RoslynAnalysisRunner static constructor.
RoslynAnalysisRunner will not be running.
RoslynAnalysisRunner has terminated.
Mono: successfully reloaded assembly
- Completed reload, in  0.872 seconds
Platform modules already initialized, skipping
Refreshing native plugins compatible for Editor in 0.37 ms, found 1 plugins.
Preloading 0 native plugins for Editor in 0.00 ms.
Unloading 1786 Unused Serialized files (Serialized files now loaded: 0)
System memory in use before: 86.3 MB.
System memory in use after: 86.3 MB.

Unloading 12 unused Assets to reduce memory usage. Loaded Objects now: 2331.
Total: 2.072600 ms (FindLiveObjects: 0.210800 ms CreateObjectMapping: 0.041300 ms MarkObjects: 1.706700 ms  DeleteObjects: 0.113000 ms)

========================================================================
Received Import Request.
  Time since last request: 650.397844 seconds.
  path: Assets/Scenes/Level_1.unity
  artifactKey: Guid(92d6db0397bfc3141baef44a8fb878fd) Importer(815301076,1909f56bfc062723c751e8b465ee728b)
Start importing Assets/Scenes/Level_1.unity using Guid(92d6db0397bfc3141baef44a8fb878fd) Importer(815301076,1909f56bfc062723c751e8b465ee728b)  -> (artifact id: 'fd98c9d90f5724d2be59b233474c1176') in 0.018127 seconds
  Import took 0.021021 seconds .

========================================================================
Received Prepare
Registering precompiled user dll's ...
Registered in 0.001009 seconds.
Begin MonoManager ReloadAssembly
Native extension for WindowsStandalone target not found
Refreshing native plugins compatible for Editor in 0.37 ms, found 1 plugins.
Preloading 0 native plugins for Editor in 0.00 ms.
Invoked RoslynAnalysisRunner static constructor.
RoslynAnalysisRunner will not be running.
RoslynAnalysisRunner has terminated.
Mono: successfully reloaded assembly
- Completed reload, in  0.828 seconds
Platform modules already initialized, skipping
Refreshing native plugins compatible for Editor in 0.51 ms, found 1 plugins.
Preloading 0 native plugins for Editor in 0.00 ms.
Unloading 1786 Unused Serialized files (Serialized files now loaded: 0)
System memory in use before: 86.5 MB.
System memory in use after: 86.5 MB.

Unloading 12 unused Assets to reduce memory usage. Loaded Objects now: 2334.
Total: 2.074300 ms (FindLiveObjects: 0.209900 ms CreateObjectMapping: 0.045200 ms MarkObjects: 1.709700 ms  DeleteObjects: 0.108000 ms)

========================================================================
Received Prepare
Registering precompiled user dll's ...
Registered in 0.001095 seconds.
Begin MonoManager ReloadAssembly
Native extension for WindowsStandalone target not found
Refreshing native plugins compatible for Editor in 0.36 ms, found 1 plugins.
Preloading 0 native plugins for Editor in 0.00 ms.
Invoked RoslynAnalysisRunner static constructor.
RoslynAnalysisRunner will not be running.
RoslynAnalysisRunner has terminated.
Mono: successfully reloaded assembly
- Completed reload, in  0.851 seconds
Platform modules already initialized, skipping
Refreshing native plugins compatible for Editor in 0.44 ms, found 1 plugins.
Preloading 0 native plugins for Editor in 0.00 ms.
Unloading 1786 Unused Serialized files (Serialized files now loaded: 0)
System memory in use before: 86.7 MB.
System memory in use after: 86.7 MB.

Unloading 12 unused Assets to reduce memory usage. Loaded Objects now: 2337.
Total: 2.052000 ms (FindLiveObjects: 0.209500 ms CreateObjectMapping: 0.041400 ms MarkObjects: 1.676300 ms  DeleteObjects: 0.123500 ms)

========================================================================
Received Prepare
Registering precompiled user dll's ...
Registered in 0.001219 seconds.
Begin MonoManager ReloadAssembly
Native extension for WindowsStandalone target not found
Refreshing native plugins compatible for Editor in 0.43 ms, found 1 plugins.
Preloading 0 native plugins for Editor in 0.00 ms.
Invoked RoslynAnalysisRunner static constructor.
RoslynAnalysisRunner will not be running.
RoslynAnalysisRunner has terminated.
Mono: successfully reloaded assembly
- Completed reload, in  0.848 seconds
Platform modules already initialized, skipping
Refreshing native plugins compatible for Editor in 0.35 ms, found 1 plugins.
Preloading 0 native plugins for Editor in 0.00 ms.
Unloading 1786 Unused Serialized files (Serialized files now loaded: 0)
System memory in use before: 86.9 MB.
System memory in use after: 86.9 MB.

Unloading 12 unused Assets to reduce memory usage. Loaded Objects now: 2340.
Total: 2.545300 ms (FindLiveObjects: 0.263300 ms CreateObjectMapping: 0.043600 ms MarkObjects: 2.121300 ms  DeleteObjects: 0.115600 ms)

========================================================================
Received Prepare
Registering precompiled user dll's ...
Registered in 0.001073 seconds.
Begin MonoManager ReloadAssembly
Native extension for WindowsStandalone target not found
Refreshing native plugins compatible for Editor in 0.39 ms, found 1 plugins.
Preloading 0 native plugins for Editor in 0.00 ms.
Invoked RoslynAnalysisRunner static constructor.
RoslynAnalysisRunner will not be running.
RoslynAnalysisRunner has terminated.
Mono: successfully reloaded assembly
- Completed reload, in  1.090 seconds
Platform modules already initialized, skipping
Refreshing native plugins compatible for Editor in 0.41 ms, found 1 plugins.
Preloading 0 native plugins for Editor in 0.00 ms.
Unloading 1786 Unused Serialized files (Serialized files now loaded: 0)
System memory in use before: 87.0 MB.
System memory in use after: 87.0 MB.

Unloading 12 unused Assets to reduce memory usage. Loaded Objects now: 2343.
Total: 3.221600 ms (FindLiveObjects: 0.302800 ms CreateObjectMapping: 0.071900 ms MarkObjects: 2.709600 ms  DeleteObjects: 0.136100 ms)

========================================================================
Received Prepare
Registering precompiled user dll's ...
Registered in 0.000995 seconds.
Begin MonoManager ReloadAssembly
Native extension for WindowsStandalone target not found
Refreshing native plugins compatible for Editor in 0.35 ms, found 1 plugins.
Preloading 0 native plugins for Editor in 0.00 ms.
Invoked RoslynAnalysisRunner static constructor.
RoslynAnalysisRunner will not be running.
RoslynAnalysisRunner has terminated.
Mono: successfully reloaded assembly
- Completed reload, in  0.831 seconds
Platform modules already initialized, skipping
Refreshing native plugins compatible for Editor in 0.36 ms, found 1 plugins.
Preloading 0 native plugins for Editor in 0.00 ms.
Unloading 1786 Unused Serialized files (Serialized files now loaded: 0)
System memory in use before: 86.4 MB.
System memory in use after: 86.4 MB.

Unloading 12 unused Assets to reduce memory usage. Loaded Objects now: 2346.
Total: 2.175700 ms (FindLiveObjects: 0.261100 ms CreateObjectMapping: 0.042300 ms MarkObjects: 1.759500 ms  DeleteObjects: 0.111300 ms)

========================================================================
Received Prepare
Registering precompiled user dll's ...
Registered in 0.001066 seconds.
Begin MonoManager ReloadAssembly
Native extension for WindowsStandalone target not found
Refreshing native plugins compatible for Editor in 0.38 ms, found 1 plugins.
Preloading 0 native plugins for Editor in 0.00 ms.
Invoked RoslynAnalysisRunner static constructor.
RoslynAnalysisRunner will not be running.
RoslynAnalysisRunner has terminated.
Mono: successfully reloaded assembly
- Completed reload, in  0.826 seconds
Platform modules already initialized, skipping
Refreshing native plugins compatible for Editor in 0.37 ms, found 1 plugins.
Preloading 0 native plugins for Editor in 0.00 ms.
Unloading 1786 Unused Serialized files (Serialized files now loaded: 0)
System memory in use before: 86.6 MB.
System memory in use after: 86.6 MB.

Unloading 12 unused Assets to reduce memory usage. Loaded Objects now: 2349.
Total: 2.202800 ms (FindLiveObjects: 0.217300 ms CreateObjectMapping: 0.042100 ms MarkObjects: 1.819400 ms  DeleteObjects: 0.122700 ms)

========================================================================
Received Prepare
Registering precompiled user dll's ...
Registered in 0.001016 seconds.
Begin MonoManager ReloadAssembly
Native extension for WindowsStandalone target not found
Refreshing native plugins compatible for Editor in 0.38 ms, found 1 plugins.
Preloading 0 native plugins for Editor in 0.00 ms.
Invoked RoslynAnalysisRunner static constructor.
RoslynAnalysisRunner will not be running.
RoslynAnalysisRunner has terminated.
Mono: successfully reloaded assembly
- Completed reload, in  0.834 seconds
Platform modules already initialized, skipping
Refreshing native plugins compatible for Editor in 0.39 ms, found 1 plugins.
Preloading 0 native plugins for Editor in 0.00 ms.
Unloading 1786 Unused Serialized files (Serialized files now loaded: 0)
System memory in use before: 86.9 MB.
System memory in use after: 86.9 MB.

Unloading 12 unused Assets to reduce memory usage. Loaded Objects now: 2352.
Total: 1.991400 ms (FindLiveObjects: 0.209300 ms CreateObjectMapping: 0.042100 ms MarkObjects: 1.625500 ms  DeleteObjects: 0.113300 ms)

========================================================================
Received Prepare
Registering precompiled user dll's ...
Registered in 0.001004 seconds.
Begin MonoManager ReloadAssembly
Native extension for WindowsStandalone target not found
Refreshing native plugins compatible for Editor in 0.36 ms, found 1 plugins.
Preloading 0 native plugins for Editor in 0.00 ms.
Invoked RoslynAnalysisRunner static constructor.
RoslynAnalysisRunner will not be running.
RoslynAnalysisRunner has terminated.
Mono: successfully reloaded assembly
- Completed reload, in  0.824 seconds
Platform modules already initialized, skipping
Refreshing native plugins compatible for Editor in 0.63 ms, found 1 plugins.
Preloading 0 native plugins for Editor in 0.00 ms.
Unloading 1786 Unused Serialized files (Serialized files now loaded: 0)
System memory in use before: 87.1 MB.
System memory in use after: 87.1 MB.

Unloading 12 unused Assets to reduce memory usage. Loaded Objects now: 2355.
Total: 2.057800 ms (FindLiveObjects: 0.207600 ms CreateObjectMapping: 0.041400 ms MarkObjects: 1.700200 ms  DeleteObjects: 0.107700 ms)

========================================================================
Received Import Request.
  Time since last request: 576.657584 seconds.
  path: Assets/Scenes/Level_2.unity
  artifactKey: Guid(85856b6df857dae45a9915e5d511dc11) Importer(815301076,1909f56bfc062723c751e8b465ee728b)
Start importing Assets/Scenes/Level_2.unity using Guid(85856b6df857dae45a9915e5d511dc11) Importer(815301076,1909f56bfc062723c751e8b465ee728b)  -> (artifact id: 'a78e2ec04b2cbed3c33c03448d0a1e9f') in 0.014194 seconds
  Import took 0.017285 seconds .

========================================================================
Received Prepare
Registering precompiled user dll's ...
Registered in 0.001004 seconds.
Begin MonoManager ReloadAssembly
Native extension for WindowsStandalone target not found
Refreshing native plugins compatible for Editor in 0.38 ms, found 1 plugins.
Preloading 0 native plugins for Editor in 0.00 ms.
Invoked RoslynAnalysisRunner static constructor.
RoslynAnalysisRunner will not be running.
RoslynAnalysisRunner has terminated.
Mono: successfully reloaded assembly
- Completed reload, in  0.879 seconds
Platform modules already initialized, skipping
Refreshing native plugins compatible for Editor in 0.35 ms, found 1 plugins.
Preloading 0 native plugins for Editor in 0.00 ms.
Unloading 1786 Unused Serialized files (Serialized files now loaded: 0)
System memory in use before: 86.3 MB.
System memory in use after: 86.3 MB.

Unloading 12 unused Assets to reduce memory usage. Loaded Objects now: 2358.
Total: 2.173600 ms (FindLiveObjects: 0.220600 ms CreateObjectMapping: 0.042600 ms MarkObjects: 1.788000 ms  DeleteObjects: 0.121100 ms)

========================================================================
Received Import Request.
  Time since last request: 28.157207 seconds.
  path: Assets/Scenes/Main Menu.unity
  artifactKey: Guid(5bd4f60e6d32e514c9f9ec5d1ec295a7) Importer(815301076,1909f56bfc062723c751e8b465ee728b)
Start importing Assets/Scenes/Main Menu.unity using Guid(5bd4f60e6d32e514c9f9ec5d1ec295a7) Importer(815301076,1909f56bfc062723c751e8b465ee728b)  -> (artifact id: '7bb66c704d839e144791851984e91a75') in 0.018253 seconds
  Import took 0.021120 seconds .

========================================================================
Received Import Request.
  Time since last request: 270.756847 seconds.
  path: Assets/Scenes/Level_1.unity
  artifactKey: Guid(92d6db0397bfc3141baef44a8fb878fd) Importer(815301076,1909f56bfc062723c751e8b465ee728b)
Start importing Assets/Scenes/Level_1.unity using Guid(92d6db0397bfc3141baef44a8fb878fd) Importer(815301076,1909f56bfc062723c751e8b465ee728b)  -> (artifact id: '61aa31bc91b2fb67149b3afe994d3664') in 0.010115 seconds
  Import took 0.013027 seconds .

========================================================================
Received Prepare
Registering precompiled user dll's ...
Registered in 0.001731 seconds.
Begin MonoManager ReloadAssembly
Native extension for WindowsStandalone target not found
Refreshing native plugins compatible for Editor in 0.35 ms, found 1 plugins.
Preloading 0 native plugins for Editor in 0.00 ms.
Invoked RoslynAnalysisRunner static constructor.
RoslynAnalysisRunner will not be running.
RoslynAnalysisRunner has terminated.
Mono: successfully reloaded assembly
- Completed reload, in  0.882 seconds
Platform modules already initialized, skipping
Refreshing native plugins compatible for Editor in 0.36 ms, found 1 plugins.
Preloading 0 native plugins for Editor in 0.00 ms.
Unloading 1786 Unused Serialized files (Serialized files now loaded: 0)
System memory in use before: 86.6 MB.
System memory in use after: 86.6 MB.

Unloading 12 unused Assets to reduce memory usage. Loaded Objects now: 2361.
Total: 2.330200 ms (FindLiveObjects: 0.308500 ms CreateObjectMapping: 0.044000 ms MarkObjects: 1.853500 ms  DeleteObjects: 0.122600 ms)

AssetImportWorkerClient::OnTransportError - code=2 error=End of file
